<?xml version="1.0" encoding="UTF-8"?>
<!-- Generated by org.testng.reporters.JUnitXMLReporter -->
<testsuite ignored="0" hostname="DESKTOP-T7QCDAB" failures="0" tests="1" name="chrometest" time="13.45" errors="0" timestamp="2022-12-14T22:29:11 IST">
  <testcase classname="com.BCP.TestCases.LoginTest" name="@BeforeMethod setup" time="1.717">
    <failure type="java.lang.AbstractMethodError" message="Missing implementation of resolved method &amp;apos;abstract java.util.List createArgs()&amp;apos; of abstract class org.openqa.selenium.remote.service.DriverService$Builder.">
      <![CDATA[java.lang.AbstractMethodError: Missing implementation of resolved method 'abstract java.util.List createArgs()' of abstract class org.openqa.selenium.remote.service.DriverService$Builder.
at org.openqa.selenium.remote.service.DriverService$Builder.build(DriverService.java:444)
at org.openqa.selenium.firefox.FirefoxDriver.toExecutor(FirefoxDriver.java:190)
at org.openqa.selenium.firefox.FirefoxDriver.<init>(FirefoxDriver.java:147)
at org.openqa.selenium.firefox.FirefoxDriver.<init>(FirefoxDriver.java:125)
at com.BCP.Commons.BaseClass.launchApp(BaseClass.java:46)
at com.BCP.TestCases.LoginTest.setup(LoginTest.java:25)
at java.base/java.util.ArrayList.forEach(ArrayList.java:1511)
at java.base/java.util.concurrent.FutureTask.run(FutureTask.java:264)
at java.base/java.util.concurrent.ThreadPoolExecutor.runWorker(ThreadPoolExecutor.java:1136)
at java.base/java.util.concurrent.ThreadPoolExecutor$Worker.run(ThreadPoolExecutor.java:635)
at java.base/java.lang.Thread.run(Thread.java:833)
... Removed 22 stack frames]]>
    </failure>
  </testcase> <!-- @BeforeMethod setup -->
  <testcase classname="com.BCP.TestCases.LoginTest" name="@AfterMethod tearDown" time="-1.671037139991E9">
    <skipped/>
  </testcase> <!-- @AfterMethod tearDown -->
  <testcase classname="com.BCP.TestCases.LoginTest" name="loginTest" time="0.68"/>
</testsuite> <!-- chrometest -->
