<?xml version="1.0" encoding="UTF-8"?>
<testng-results ignored="0" total="2" passed="2" failed="0" skipped="0">
  <reporter-output>
  </reporter-output>
  <suite started-at="2023-01-04T12:36:32 IST" name="Suite" finished-at="2023-01-04T12:37:38 IST" duration-ms="66599">
    <groups>
    </groups>
    <test started-at="2023-01-04T12:36:32 IST" name="TestOnChrome" finished-at="2023-01-04T12:37:15 IST" duration-ms="43105">
      <class name="com.BCP.TestCases.LoginTest">
        <test-method is-config="true" signature="loadConfig()[pri:0, instance:com.BCP.TestCases.LoginTest@3a93b025]" started-at="2023-01-04T12:36:32 IST" name="loadConfig" finished-at="2023-01-04T12:36:32 IST" duration-ms="100" status="PASS">
          <reporter-output>
          </reporter-output>
        </test-method> <!-- loadConfig -->
        <test-method is-config="true" signature="setup(java.lang.String)[pri:0, instance:com.BCP.TestCases.LoginTest@3a93b025]" started-at="2023-01-04T12:36:32 IST" name="setup" finished-at="2023-01-04T12:36:53 IST" duration-ms="20998" status="PASS">
          <params>
            <param index="0">
              <value>
                <![CDATA[chrome]]>
              </value>
            </param>
          </params>
          <reporter-output>
          </reporter-output>
        </test-method> <!-- setup -->
        <test-method signature="loginTest()[pri:0, instance:com.BCP.TestCases.LoginTest@3a93b025]" started-at="2023-01-04T12:36:53 IST" name="loginTest" finished-at="2023-01-04T12:37:15 IST" duration-ms="21708" status="PASS">
          <reporter-output>
          </reporter-output>
        </test-method> <!-- loginTest -->
      </class> <!-- com.BCP.TestCases.LoginTest -->
    </test> <!-- TestOnChrome -->
    <test started-at="2023-01-04T12:36:32 IST" name="TestFirefox" finished-at="2023-01-04T12:37:38 IST" duration-ms="66597">
      <class name="com.BCP.TestCases.LoginTest">
        <test-method is-config="true" signature="loadConfig()[pri:0, instance:com.BCP.TestCases.LoginTest@6f1de4c7]" started-at="2023-01-04T12:36:32 IST" name="loadConfig" finished-at="2023-01-04T12:36:32 IST" duration-ms="141" status="PASS">
          <reporter-output>
          </reporter-output>
        </test-method> <!-- loadConfig -->
        <test-method is-config="true" signature="setup(java.lang.String)[pri:0, instance:com.BCP.TestCases.LoginTest@6f1de4c7]" started-at="2023-01-04T12:36:32 IST" name="setup" finished-at="2023-01-04T12:37:28 IST" duration-ms="55960" status="PASS">
          <params>
            <param index="0">
              <value>
                <![CDATA[firefox]]>
              </value>
            </param>
          </params>
          <reporter-output>
          </reporter-output>
        </test-method> <!-- setup -->
        <test-method signature="loginTest()[pri:0, instance:com.BCP.TestCases.LoginTest@6f1de4c7]" started-at="2023-01-04T12:37:28 IST" name="loginTest" finished-at="2023-01-04T12:37:38 IST" duration-ms="10340" status="PASS">
          <reporter-output>
          </reporter-output>
        </test-method> <!-- loginTest -->
      </class> <!-- com.BCP.TestCases.LoginTest -->
    </test> <!-- TestFirefox -->
  </suite> <!-- Suite -->
</testng-results>
